#
# There is insufficient memory for the Java Runtime Environment to continue.
# Native memory allocation (malloc) failed to allocate 1459152 bytes for Chunk::new
# Possible reasons:
#   The system is out of physical RAM or swap space
#   The process is running with CompressedOops enabled, and the Java Heap may be blocking the growth of the native heap
# Possible solutions:
#   Reduce memory load on the system
#   Increase physical memory or swap space
#   Check if swap backing store is full
#   Decrease Java heap size (-Xmx/-Xms)
#   Decrease number of Java threads
#   Decrease Java thread stack sizes (-Xss)
#   Set larger code cache with -XX:ReservedCodeCacheSize=
#   JVM is running with Unscaled Compressed Oops mode in which the Java heap is
#     placed in the first 4GB address space. The Java Heap base address is the
#     maximum limit for the native heap growth. Please use -XX:HeapBaseMinAddress
#     to set the Java Heap base and to place the Java Heap above 4GB virtual address.
# This output file may be truncated or incomplete.
#
#  Out of Memory Error (allocation.cpp:389), pid=18400, tid=0x00000000000042e0
#
# JRE version: OpenJDK Runtime Environment (8.0_212-b04) (build 1.8.0_212-release-1586-b04)
# Java VM: OpenJDK 64-Bit Server VM (25.212-b04 mixed mode windows-amd64 compressed oops)
# Failed to write core dump. Minidumps are not enabled by default on client versions of Windows
#

---------------  T H R E A D  ---------------

Current thread (0x0000000018b6e800):  JavaThread "C2 CompilerThread2" daemon [_thread_in_native, id=17120, stack(0x0000000019640000,0x0000000019740000)]

Stack: [0x0000000019640000,0x0000000019740000]
[error occurred during error reporting (printing stack bounds), id 0xc0000005]

Native frames: (J=compiled Java code, j=interpreted, Vv=VM code, C=native code)


Current CompileTask:
C2:6792717 15393   !   4       org.gradle.api.internal.artifacts.ivyservice.resolveengine.artifact.ArtifactBackedResolvedVariant$DownloadArtifactFile::run (50 bytes)


---------------  P R O C E S S  ---------------

Java Threads: ( => current thread )
  0x0000000018c85800 JavaThread "WorkerExecutor Queue" [_thread_blocked, id=17524, stack(0x0000000028c20000,0x0000000028d20000)]
  0x000000001b951000 JavaThread "Cache worker for Java compile cache (C:\Users\alex\Documents\School\Fall2020\CS340\Tweeter-repo\client\.gradle\5.6.4\javaCompile)" [_thread_in_native, id=3680, stack(0x0000000028720000,0x0000000028820000)]
  0x000000001b950800 JavaThread "Cache worker for Java compile cache (C:\Users\alex\.gradle\caches\5.6.4\javaCompile)" [_thread_blocked, id=4816, stack(0x0000000028620000,0x0000000028720000)]
  0x000000001b94c800 JavaThread "Cache worker for execution history cache (C:\Users\alex\Documents\School\Fall2020\CS340\Tweeter-repo\client\.gradle\5.6.4\executionHistory)" [_thread_blocked, id=12528, stack(0x0000000028210000,0x0000000028310000)]
  0x000000001b949000 JavaThread "Execution worker for ':' Thread 7" [_thread_blocked, id=12488, stack(0x0000000028110000,0x0000000028210000)]
  0x000000001b94f000 JavaThread "Execution worker for ':' Thread 6" [_thread_blocked, id=15616, stack(0x0000000028010000,0x0000000028110000)]
  0x000000001b94c000 JavaThread "Execution worker for ':' Thread 5" [_thread_blocked, id=10164, stack(0x0000000027f10000,0x0000000028010000)]
  0x000000001b94f800 JavaThread "Execution worker for ':' Thread 4" [_thread_blocked, id=18216, stack(0x0000000027e10000,0x0000000027f10000)]
  0x000000001b94b000 JavaThread "Execution worker for ':' Thread 3" [_thread_blocked, id=1404, stack(0x0000000027d10000,0x0000000027e10000)]
  0x000000001b943800 JavaThread "Execution worker for ':' Thread 2" [_thread_blocked, id=12432, stack(0x0000000027c10000,0x0000000027d10000)]
  0x000000001b946800 JavaThread "Execution worker for ':'" [_thread_blocked, id=15424, stack(0x0000000027b10000,0x0000000027c10000)]
  0x000000001b944800 JavaThread "Cache worker for file content cache (C:\Users\alex\Documents\School\Fall2020\CS340\Tweeter-repo\client\.gradle\5.6.4\fileContent)" [_thread_blocked, id=2512, stack(0x0000000027a10000,0x0000000027b10000)]
  0x000000001b945000 JavaThread "Cache worker for file content cache (C:\Users\alex\.gradle\caches\5.6.4\fileContent)" [_thread_blocked, id=2632, stack(0x0000000027910000,0x0000000027a10000)]
  0x000000001b94a800 JavaThread "Cache worker for Build Output Cleanup Cache (C:\Users\alex\Documents\School\Fall2020\CS340\Tweeter-repo\client\.gradle\buildOutputCleanup)" [_thread_blocked, id=8400, stack(0x0000000027610000,0x0000000027710000)]
  0x000000001b943000 JavaThread "pool-13-thread-1" [_thread_blocked, id=17924, stack(0x0000000026ce0000,0x0000000026de0000)]
  0x000000001eef8000 JavaThread "Build operations Thread 8" [_thread_blocked, id=2472, stack(0x0000000025c70000,0x0000000025d70000)]
  0x000000001eef7000 JavaThread "Build operations Thread 7" [_thread_blocked, id=18036, stack(0x00000000256b0000,0x00000000257b0000)]
  0x000000001eefe000 JavaThread "Build operations Thread 6" [_thread_blocked, id=14172, stack(0x0000000023ea0000,0x0000000023fa0000)]
  0x000000001eef6800 JavaThread "Build operations Thread 5" [_thread_in_Java, id=17932, stack(0x0000000023ba0000,0x0000000023ca0000)]
  0x000000001eefd000 JavaThread "Build operations Thread 4" [_thread_blocked, id=9044, stack(0x0000000023aa0000,0x0000000023ba0000)]
  0x000000001eefb800 JavaThread "Build operations Thread 3" [_thread_blocked, id=11280, stack(0x00000000239a0000,0x0000000023aa0000)]
  0x000000001eefc800 JavaThread "Build operations Thread 2" [_thread_blocked, id=18108, stack(0x00000000238a0000,0x00000000239a0000)]
  0x000000001eefb000 JavaThread "Build operations" [_thread_blocked, id=7080, stack(0x00000000237a0000,0x00000000238a0000)]
  0x000000001eefa000 JavaThread "Cache worker for cache directory md-rule (C:\Users\alex\.gradle\caches\5.6.4\md-rule)" [_thread_blocked, id=2916, stack(0x0000000023490000,0x0000000023590000)]
  0x000000001eef9800 JavaThread "Cache worker for cache directory md-supplier (C:\Users\alex\.gradle\caches\5.6.4\md-supplier)" [_thread_blocked, id=17512, stack(0x0000000023390000,0x0000000023490000)]
  0x000000001eef8800 JavaThread "Cache worker for file hash cache (C:\Users\alex\Documents\School\Fall2020\CS340\Tweeter-repo\client\.gradle\5.6.4\fileHashes)" [_thread_blocked, id=11692, stack(0x0000000022b90000,0x0000000022c90000)]
  0x000000001eeef000 JavaThread "Thread-121" [_thread_blocked, id=5836, stack(0x00000000219d0000,0x0000000021ad0000)]
  0x000000001eef5000 JavaThread "Stdin handler" [_thread_blocked, id=16440, stack(0x0000000021400000,0x0000000021500000)]
  0x000000001eef4000 JavaThread "Asynchronous log dispatcher for DefaultDaemonConnection: socket connection from /127.0.0.1:51670 to /127.0.0.1:52264" [_thread_blocked, id=11700, stack(0x000000001da90000,0x000000001db90000)]
  0x000000001eef3800 JavaThread "Daemon worker Thread 6" [_thread_blocked, id=11496, stack(0x000000001d190000,0x000000001d290000)]
  0x000000001eef1000 JavaThread "Cancel handler" [_thread_blocked, id=5456, stack(0x000000001d090000,0x000000001d190000)]
  0x000000001eef2800 JavaThread "Handler for socket connection from /127.0.0.1:51670 to /127.0.0.1:52264" [_thread_in_native, id=9484, stack(0x000000001cf90000,0x000000001d090000)]
  0x000000001eef5800 JavaThread "Daemon Thread 6" [_thread_blocked, id=4648, stack(0x0000000001350000,0x0000000001450000)]
  0x000000001b947800 JavaThread "Memory manager" [_thread_blocked, id=18344, stack(0x00000000265e0000,0x00000000266e0000)]
  0x000000001b949800 JavaThread "Cache worker for execution history cache (C:\Users\alex\.gradle\caches\5.6.4\executionHistory)" [_thread_blocked, id=17284, stack(0x0000000022c90000,0x0000000022d90000)]
  0x0000000018c87000 JavaThread "Cache worker for journal cache (C:\Users\alex\.gradle\caches\journal-1)" [_thread_blocked, id=2728, stack(0x000000001d990000,0x000000001da90000)]
  0x0000000018c8a000 JavaThread "File lock request listener" [_thread_in_native, id=15208, stack(0x000000001d890000,0x000000001d990000)]
  0x0000000018c84000 JavaThread "Cache worker for file hash cache (C:\Users\alex\.gradle\caches\5.6.4\fileHashes)" [_thread_blocked, id=13460, stack(0x000000001d590000,0x000000001d690000)]
  0x000000001b6fb800 JavaThread "Daemon periodic checks" [_thread_blocked, id=14572, stack(0x000000001ca90000,0x000000001cb90000)]
  0x000000001b6f9000 JavaThread "Incoming local TCP Connector on port 51670" [_thread_in_native, id=7076, stack(0x0000000019b40000,0x0000000019c40000)]
  0x000000001b6bc000 JavaThread "Daemon health stats" [_thread_blocked, id=2180, stack(0x0000000019a40000,0x0000000019b40000)]
  0x0000000018c10000 JavaThread "Service Thread" daemon [_thread_blocked, id=13724, stack(0x0000000019840000,0x0000000019940000)]
  0x0000000018b72800 JavaThread "C1 CompilerThread3" daemon [_thread_blocked, id=10808, stack(0x0000000019740000,0x0000000019840000)]
=>0x0000000018b6e800 JavaThread "C2 CompilerThread2" daemon [_thread_in_native, id=17120, stack(0x0000000019640000,0x0000000019740000)]
  0x0000000018b6d800 JavaThread "C2 CompilerThread1" daemon [_thread_in_native, id=15072, stack(0x0000000019540000,0x0000000019640000)]
  0x0000000018b6a000 JavaThread "C2 CompilerThread0" daemon [_thread_in_native, id=14100, stack(0x0000000019440000,0x0000000019540000)]
  0x0000000018b68000 JavaThread "Attach Listener" daemon [_thread_blocked, id=10640, stack(0x0000000019340000,0x0000000019440000)]
  0x0000000018b67000 JavaThread "Signal Dispatcher" daemon [_thread_blocked, id=17204, stack(0x0000000019240000,0x0000000019340000)]
  0x0000000018b61000 JavaThread "Finalizer" daemon [_thread_blocked, id=3288, stack(0x0000000019040000,0x0000000019140000)]
  0x0000000018b60800 JavaThread "Reference Handler" daemon [_thread_blocked, id=16712, stack(0x0000000018f40000,0x0000000019040000)]
  0x0000000002ec2800 JavaThread "main" [_thread_blocked, id=7500, stack(0x0000000002d60000,0x0000000002e60000)]

Other Threads:
  0x0000000016d78800 VMThread [stack: 0x0000000018a40000,0x0000000018b40000] [id=6904]
  0x0000000018c11000 WatcherThread [stack: 0x0000000019940000,0x0000000019a40000] [id=1248]

VM state:not at safepoint (normal execution)

VM Mutex/Monitor currently owned by a thread: None

heap address: 0x00000000a0000000, size: 1536 MB, Compressed Oops mode: 32-bit
Narrow klass base: 0x0000000000000000, Narrow klass shift: 3
Compressed class space size: 1073741824 Address: 0x0000000100000000

Heap:
 PSYoungGen      total 491520K, used 113570K [0x00000000e0000000, 0x0000000100000000, 0x0000000100000000)
  eden space 463872K, 19% used [0x00000000e0000000,0x00000000e579a8e8,0x00000000fc500000)
  from space 27648K, 86% used [0x00000000fe500000,0x00000000ffc4e190,0x0000000100000000)
  to   space 30208K, 0% used [0x00000000fc500000,0x00000000fc500000,0x00000000fe280000)
 ParOldGen       total 136192K, used 59579K [0x00000000a0000000, 0x00000000a8500000, 0x00000000e0000000)
  object space 136192K, 43% used [0x00000000a0000000,0x00000000a3a2ed90,0x00000000a8500000)
 Metaspace       used 88390K, capacity 93816K, committed 94080K, reserved 1130496K
  class space    used 11578K, capacity 12606K, committed 12672K, reserved 1048576K

Card table byte_map: [0x0000000012380000,0x0000000012690000] byte_map_base: 0x0000000011e80000

Marking Bits: (ParMarkBitMap*) 0x000000005a109f30
 Begin Bits: [0x0000000013090000, 0x0000000014890000)
 End Bits:   [0x0000000014890000, 0x0000000016090000)

Polling page: 0x0000000002ce0000

CodeCache: size=245760Kb used=44446Kb max_used=44787Kb free=201313Kb
 bounds [0x0000000002fc0000, 0x0000000005bd0000, 0x0000000011fc0000]
 total_blobs=13887 nmethods=13014 adapters=785
 compilation: enabled

Compilation events (10 events):
Event: 6792.671 Thread 0x0000000018b6a000 nmethod 15605 0x0000000004c07450 code [0x0000000004c075a0, 0x0000000004c077b8]
Event: 6792.671 Thread 0x0000000018b6a000 15602       4       org.gradle.api.internal.tasks.compile.incremental.deps.ClassSetAnalysisData$Serializer::readClassName (63 bytes)
Event: 6792.685 Thread 0x0000000018b72800 15623       3       org.objectweb.asm.Type::getSort (19 bytes)
Event: 6792.686 Thread 0x0000000018b72800 nmethod 15623 0x0000000003b3d0d0 code [0x0000000003b3d220, 0x0000000003b3d3d0]
Event: 6792.710 Thread 0x0000000018b72800 15624       3       org.objectweb.asm.ClassReader::getItemCount (6 bytes)
Event: 6792.711 Thread 0x0000000018b72800 nmethod 15624 0x0000000003c75150 code [0x0000000003c752a0, 0x0000000003c753f0]
Event: 6792.711 Thread 0x0000000018b72800 15625       3       org.objectweb.asm.ClassReader::readByte (11 bytes)
Event: 6792.711 Thread 0x0000000018b72800 nmethod 15625 0x0000000003cd9750 code [0x0000000003cd98a0, 0x0000000003cd9a30]
Event: 6792.711 Thread 0x0000000018b72800 15626       3       org.objectweb.asm.ClassReader::getItem (7 bytes)
Event: 6792.711 Thread 0x0000000018b72800 nmethod 15626 0x0000000003d9bf90 code [0x0000000003d9c0e0, 0x0000000003d9c250]

GC Heap History (10 events):
Event: 12.698 GC heap before
{Heap before GC invocations=11 (full 2):
 PSYoungGen      total 325632K, used 132596K [0x00000000e0000000, 0x00000000f7080000, 0x0000000100000000)
  eden space 312320K, 38% used [0x00000000e0000000,0x00000000e747f1e8,0x00000000f3100000)
  from space 13312K, 99% used [0x00000000f6380000,0x00000000f707dff0,0x00000000f7080000)
  to   space 17920K, 0% used [0x00000000f4d80000,0x00000000f4d80000,0x00000000f5f00000)
 ParOldGen       total 92160K, used 24638K [0x00000000a0000000, 0x00000000a5a00000, 0x00000000e0000000)
  object space 92160K, 26% used [0x00000000a0000000,0x00000000a180f958,0x00000000a5a00000)
 Metaspace       used 57054K, capacity 58926K, committed 59136K, reserved 1099776K
  class space    used 7734K, capacity 8162K, committed 8192K, reserved 1048576K
Event: 12.723 GC heap after
Heap after GC invocations=11 (full 2):
 PSYoungGen      total 359424K, used 17917K [0x00000000e0000000, 0x00000000fc400000, 0x0000000100000000)
  eden space 341504K, 0% used [0x00000000e0000000,0x00000000e0000000,0x00000000f4d80000)
  from space 17920K, 99% used [0x00000000f4d80000,0x00000000f5eff650,0x00000000f5f00000)
  to   space 22528K, 0% used [0x00000000fae00000,0x00000000fae00000,0x00000000fc400000)
 ParOldGen       total 92160K, used 29715K [0x00000000a0000000, 0x00000000a5a00000, 0x00000000e0000000)
  object space 92160K, 32% used [0x00000000a0000000,0x00000000a1d04c40,0x00000000a5a00000)
 Metaspace       used 57054K, capacity 58926K, committed 59136K, reserved 1099776K
  class space    used 7734K, capacity 8162K, committed 8192K, reserved 1048576K
}
Event: 12.724 GC heap before
{Heap before GC invocations=12 (full 3):
 PSYoungGen      total 359424K, used 17917K [0x00000000e0000000, 0x00000000fc400000, 0x0000000100000000)
  eden space 341504K, 0% used [0x00000000e0000000,0x00000000e0000000,0x00000000f4d80000)
  from space 17920K, 99% used [0x00000000f4d80000,0x00000000f5eff650,0x00000000f5f00000)
  to   space 22528K, 0% used [0x00000000fae00000,0x00000000fae00000,0x00000000fc400000)
 ParOldGen       total 92160K, used 29715K [0x00000000a0000000, 0x00000000a5a00000, 0x00000000e0000000)
  object space 92160K, 32% used [0x00000000a0000000,0x00000000a1d04c40,0x00000000a5a00000)
 Metaspace       used 57054K, capacity 58926K, committed 59136K, reserved 1099776K
  class space    used 7734K, capacity 8162K, committed 8192K, reserved 1048576K
Event: 13.055 GC heap after
Heap after GC invocations=12 (full 3):
 PSYoungGen      total 359424K, used 0K [0x00000000e0000000, 0x00000000fc400000, 0x0000000100000000)
  eden space 341504K, 0% used [0x00000000e0000000,0x00000000e0000000,0x00000000f4d80000)
  from space 17920K, 0% used [0x00000000f4d80000,0x00000000f4d80000,0x00000000f5f00000)
  to   space 22528K, 0% used [0x00000000fae00000,0x00000000fae00000,0x00000000fc400000)
 ParOldGen       total 136192K, used 36406K [0x00000000a0000000, 0x00000000a8500000, 0x00000000e0000000)
  object space 136192K, 26% used [0x00000000a0000000,0x00000000a238db50,0x00000000a8500000)
 Metaspace       used 57027K, capacity 58836K, committed 59136K, reserved 1099776K
  class space    used 7725K, capacity 8147K, committed 8192K, reserved 1048576K
}
Event: 573.530 GC heap before
{Heap before GC invocations=13 (full 3):
 PSYoungGen      total 359424K, used 341504K [0x00000000e0000000, 0x00000000fc400000, 0x0000000100000000)
  eden space 341504K, 100% used [0x00000000e0000000,0x00000000f4d80000,0x00000000f4d80000)
  from space 17920K, 0% used [0x00000000f4d80000,0x00000000f4d80000,0x00000000f5f00000)
  to   space 22528K, 0% used [0x00000000fae00000,0x00000000fae00000,0x00000000fc400000)
 ParOldGen       total 136192K, used 36406K [0x00000000a0000000, 0x00000000a8500000, 0x00000000e0000000)
  object space 136192K, 26% used [0x00000000a0000000,0x00000000a238db50,0x00000000a8500000)
 Metaspace       used 72705K, capacity 76102K, committed 76288K, reserved 1116160K
  class space    used 9770K, capacity 10476K, committed 10496K, reserved 1048576K
Event: 573.561 GC heap after
Heap after GC invocations=13 (full 3):
 PSYoungGen      total 435712K, used 22520K [0x00000000e0000000, 0x00000000fda00000, 0x0000000100000000)
  eden space 413184K, 0% used [0x00000000e0000000,0x00000000e0000000,0x00000000f9380000)
  from space 22528K, 99% used [0x00000000fae00000,0x00000000fc3fe2c0,0x00000000fc400000)
  to   space 27136K, 0% used [0x00000000f9380000,0x00000000f9380000,0x00000000fae00000)
 ParOldGen       total 136192K, used 41482K [0x00000000a0000000, 0x00000000a8500000, 0x00000000e0000000)
  object space 136192K, 30% used [0x00000000a0000000,0x00000000a2882810,0x00000000a8500000)
 Metaspace       used 72705K, capacity 76102K, committed 76288K, reserved 1116160K
  class space    used 9770K, capacity 10476K, committed 10496K, reserved 1048576K
}
Event: 6331.398 GC heap before
{Heap before GC invocations=14 (full 3):
 PSYoungGen      total 435712K, used 435704K [0x00000000e0000000, 0x00000000fda00000, 0x0000000100000000)
  eden space 413184K, 100% used [0x00000000e0000000,0x00000000f9380000,0x00000000f9380000)
  from space 22528K, 99% used [0x00000000fae00000,0x00000000fc3fe2c0,0x00000000fc400000)
  to   space 27136K, 0% used [0x00000000f9380000,0x00000000f9380000,0x00000000fae00000)
 ParOldGen       total 136192K, used 41482K [0x00000000a0000000, 0x00000000a8500000, 0x00000000e0000000)
  object space 136192K, 30% used [0x00000000a0000000,0x00000000a2882810,0x00000000a8500000)
 Metaspace       used 75632K, capacity 80276K, committed 80384K, reserved 1118208K
  class space    used 10017K, capacity 10919K, committed 11008K, reserved 1048576K
Event: 6331.444 GC heap after
Heap after GC invocations=14 (full 3):
 PSYoungGen      total 440320K, used 4496K [0x00000000e0000000, 0x0000000100000000, 0x0000000100000000)
  eden space 413184K, 0% used [0x00000000e0000000,0x00000000e0000000,0x00000000f9380000)
  from space 27136K, 16% used [0x00000000f9380000,0x00000000f97e4010,0x00000000fae00000)
  to   space 27648K, 0% used [0x00000000fe500000,0x00000000fe500000,0x0000000100000000)
 ParOldGen       total 136192K, used 59563K [0x00000000a0000000, 0x00000000a8500000, 0x00000000e0000000)
  object space 136192K, 43% used [0x00000000a0000000,0x00000000a3a2ad90,0x00000000a8500000)
 Metaspace       used 75632K, capacity 80276K, committed 80384K, reserved 1118208K
  class space    used 10017K, capacity 10919K, committed 11008K, reserved 1048576K
}
Event: 6790.649 GC heap before
{Heap before GC invocations=15 (full 3):
 PSYoungGen      total 440320K, used 417680K [0x00000000e0000000, 0x0000000100000000, 0x0000000100000000)
  eden space 413184K, 100% used [0x00000000e0000000,0x00000000f9380000,0x00000000f9380000)
  from space 27136K, 16% used [0x00000000f9380000,0x00000000f97e4010,0x00000000fae00000)
  to   space 27648K, 0% used [0x00000000fe500000,0x00000000fe500000,0x0000000100000000)
 ParOldGen       total 136192K, used 59563K [0x00000000a0000000, 0x00000000a8500000, 0x00000000e0000000)
  object space 136192K, 43% used [0x00000000a0000000,0x00000000a3a2ad90,0x00000000a8500000)
 Metaspace       used 87143K, capacity 92534K, committed 92928K, reserved 1130496K
  class space    used 11417K, capacity 12453K, committed 12544K, reserved 1048576K
Event: 6790.721 GC heap after
Heap after GC invocations=15 (full 3):
 PSYoungGen      total 491520K, used 23864K [0x00000000e0000000, 0x0000000100000000, 0x0000000100000000)
  eden space 463872K, 0% used [0x00000000e0000000,0x00000000e0000000,0x00000000fc500000)
  from space 27648K, 86% used [0x00000000fe500000,0x00000000ffc4e190,0x0000000100000000)
  to   space 30208K, 0% used [0x00000000fc500000,0x00000000fc500000,0x00000000fe280000)
 ParOldGen       total 136192K, used 59579K [0x00000000a0000000, 0x00000000a8500000, 0x00000000e0000000)
  object space 136192K, 43% used [0x00000000a0000000,0x00000000a3a2ed90,0x00000000a8500000)
 Metaspace       used 87143K, capacity 92534K, committed 92928K, reserved 1130496K
  class space    used 11417K, capacity 12453K, committed 12544K, reserved 1048576K
}

Deoptimization events (10 events):
Event: 6792.323 Thread 0x000000001b946800 Uncommon trap: reason=unstable_if action=reinterpret pc=0x0000000003eeceb0 method=org.objectweb.asm.MethodWriter.visitLabel(Lorg/objectweb/asm/Label;)V @ 312
Event: 6792.323 Thread 0x000000001b946800 Uncommon trap: reason=unstable_if action=reinterpret pc=0x00000000040237f8 method=org.objectweb.asm.MethodWriter.visitInsn(I)V @ 32
Event: 6792.323 Thread 0x000000001b946800 Uncommon trap: reason=unstable_if action=reinterpret pc=0x0000000004032e0c method=org.objectweb.asm.MethodWriter.visitMethodInsn(ILjava/lang/String;Ljava/lang/String;Ljava/lang/String;Z)V @ 89
Event: 6792.337 Thread 0x000000001b946800 Uncommon trap: reason=unstable_if action=reinterpret pc=0x0000000004325dd0 method=org.objectweb.asm.MethodWriter.<init>(Lorg/objectweb/asm/SymbolTable;ILjava/lang/String;Ljava/lang/String;Ljava/lang/String;[Ljava/lang/String;I)V @ 100
Event: 6792.347 Thread 0x000000001b946800 Uncommon trap: reason=unstable_if action=reinterpret pc=0x0000000005adbd28 method=org.gradle.api.internal.changedetection.state.CachingFileHasher.snapshot(Ljava/io/File;JJ)Lorg/gradle/api/internal/changedetection/state/CachingFileHasher$FileInfo; @ 48
Event: 6792.484 Thread 0x000000001b946800 Uncommon trap: reason=bimorphic action=maybe_recompile pc=0x00000000058bb218 method=com.google.common.collect.ImmutableCollection$Builder.addAll(Ljava/lang/Iterable;)Lcom/google/common/collect/ImmutableCollection$Builder; @ 1
Event: 6792.561 Thread 0x000000001b951000 Uncommon trap: reason=unstable_if action=reinterpret pc=0x0000000003fe4234 method=org.gradle.internal.io.StreamByteBuffer$StreamByteBufferInputStream.readImpl([BII)I @ 49
Event: 6792.635 Thread 0x000000001eef6800 Uncommon trap: reason=unstable_if action=reinterpret pc=0x000000000319cd3c method=java.lang.StringCoding$StringDecoder.decode([BII)[C @ 20
Event: 6792.636 Thread 0x000000001eef6800 Uncommon trap: reason=unstable_if action=reinterpret pc=0x0000000003e04068 method=java.lang.StringCoding$StringDecoder.decode([BII)[C @ 20
Event: 6792.636 Thread 0x000000001eef6800 Uncommon trap: reason=unstable_if action=reinterpret pc=0x00000000035e9f90 method=java.lang.StringCoding$StringDecoder.decode([BII)[C @ 20

Classes redefined (0 events):
No events

Internal exceptions (10 events):
Event: 6789.466 Thread 0x000000001b94f000 Exception <a 'java/io/FileNotFoundException'> (0x00000000f7715380) thrown at [D:\src\AOSP-openjdk-cygwin\jdk8u\hotspot\src\share\vm\prims\jni.cpp, line 710]
Event: 6789.472 Thread 0x000000001b94f000 Exception <a 'java/io/FileNotFoundException'> (0x00000000f7739958) thrown at [D:\src\AOSP-openjdk-cygwin\jdk8u\hotspot\src\share\vm\prims\jni.cpp, line 710]
Event: 6789.473 Thread 0x000000001b94f000 Exception <a 'java/io/FileNotFoundException'> (0x00000000f773ace8) thrown at [D:\src\AOSP-openjdk-cygwin\jdk8u\hotspot\src\share\vm\prims\jni.cpp, line 710]
Event: 6790.987 Thread 0x000000001b94f000 Exception <a 'sun/nio/fs/WindowsException'> (0x00000000e12352b0) thrown at [D:\src\AOSP-openjdk-cygwin\jdk8u\hotspot\src\share\vm\prims\jni.cpp, line 710]
Event: 6791.225 Thread 0x000000001b94f000 Exception <a 'java/lang/NoSuchMethodError': <clinit>> (0x00000000e20b5430) thrown at [D:\src\AOSP-openjdk-cygwin\jdk8u\hotspot\src\share\vm\prims\jni.cpp, line 1614]
Event: 6791.227 Thread 0x000000001b94f000 Exception <a 'java/lang/NoSuchMethodError': <clinit>> (0x00000000e20c6e98) thrown at [D:\src\AOSP-openjdk-cygwin\jdk8u\hotspot\src\share\vm\prims\jni.cpp, line 1614]
Event: 6791.229 Thread 0x000000001b94f000 Exception <a 'java/lang/NoSuchMethodError': <clinit>> (0x00000000e20d9890) thrown at [D:\src\AOSP-openjdk-cygwin\jdk8u\hotspot\src\share\vm\prims\jni.cpp, line 1614]
Event: 6792.115 Thread 0x000000001b946800 Exception <a 'java/lang/NoSuchMethodError': <clinit>> (0x00000000e4667080) thrown at [D:\src\AOSP-openjdk-cygwin\jdk8u\hotspot\src\share\vm\prims\jni.cpp, line 1614]
Event: 6792.115 Thread 0x000000001b946800 Exception <a 'java/lang/NoSuchMethodError': <clinit>> (0x00000000e46683a0) thrown at [D:\src\AOSP-openjdk-cygwin\jdk8u\hotspot\src\share\vm\prims\jni.cpp, line 1614]
Event: 6792.443 Thread 0x000000001b946800 Exception <a 'java/lang/NoSuchMethodError': java.lang.Object.lambda$comparingByKey$bbdbfea9$1(Ljava/util/Map$Entry;Ljava/util/Map$Entry;)I> (0x00000000e4dc7898) thrown at [D:\src\AOSP-openjdk-cygwin\jdk8u\hotspot\src\share\vm\interpreter\linkResolver.cpp,

Events (10 events):
Event: 6792.676 loading class it/unimi/dsi/fastutil/BidirectionalIterator
Event: 6792.676 loading class it/unimi/dsi/fastutil/BidirectionalIterator done
Event: 6792.678 loading class it/unimi/dsi/fastutil/ints/IntIterators
Event: 6792.678 loading class it/unimi/dsi/fastutil/ints/IntIterators done
Event: 6792.679 loading class it/unimi/dsi/fastutil/ints/IntListIterator
Event: 6792.679 loading class it/unimi/dsi/fastutil/ints/IntListIterator done
Event: 6792.680 loading class it/unimi/dsi/fastutil/ints/IntList
Event: 6792.680 loading class it/unimi/dsi/fastutil/ints/IntList done
Event: 6792.681 loading class it/unimi/dsi/fastutil/ints/IntIterators$EmptyIterator
Event: 6792.681 loading class it/unimi/dsi/fastutil/ints/IntIterators$EmptyIterator done


Dynamic libraries:
0x00007ff7b6f00000 - 0x00007ff7b6f31000 	C:\Program Files\Android\Android Studio\jre\bin\java.exe
0x00007ffd1cad0000 - 0x00007ffd1ccc6000 	C:\Windows\SYSTEM32\ntdll.dll
0x00007ffd1b720000 - 0x00007ffd1b7dd000 	C:\Windows\System32\KERNEL32.DLL
0x00007ffd1a710000 - 0x00007ffd1a9d8000 	C:\Windows\System32\KERNELBASE.dll
0x00007ffd1b870000 - 0x00007ffd1b91a000 	C:\Windows\System32\ADVAPI32.dll
0x00007ffd1c0c0000 - 0x00007ffd1c15e000 	C:\Windows\System32\msvcrt.dll
0x00007ffd1c9f0000 - 0x00007ffd1ca8b000 	C:\Windows\System32\sechost.dll
0x00007ffd1b380000 - 0x00007ffd1b4a4000 	C:\Windows\System32\RPCRT4.dll
0x00007ffd1bec0000 - 0x00007ffd1c060000 	C:\Windows\System32\USER32.dll
0x00007ffd1a220000 - 0x00007ffd1a242000 	C:\Windows\System32\win32u.dll
0x00007ffd1ada0000 - 0x00007ffd1adca000 	C:\Windows\System32\GDI32.dll
0x00007ffd1a600000 - 0x00007ffd1a709000 	C:\Windows\System32\gdi32full.dll
0x00007ffd1a300000 - 0x00007ffd1a39d000 	C:\Windows\System32\msvcp_win.dll
0x00007ffd1a3a0000 - 0x00007ffd1a4a0000 	C:\Windows\System32\ucrtbase.dll
0x00007ffd08cf0000 - 0x00007ffd08f8b000 	C:\Windows\WinSxS\amd64_microsoft.windows.common-controls_6595b64144ccf1df_6.0.19041.488_none_ca04af081b815d21\COMCTL32.dll
0x00007ffd1c9c0000 - 0x00007ffd1c9f0000 	C:\Windows\System32\IMM32.DLL
0x0000000059360000 - 0x0000000059432000 	C:\Program Files\Android\Android Studio\jre\jre\bin\msvcr100.dll
0x0000000059940000 - 0x000000005a186000 	C:\Program Files\Android\Android Studio\jre\jre\bin\server\jvm.dll
0x00007ffd1b6e0000 - 0x00007ffd1b6e8000 	C:\Windows\System32\PSAPI.DLL
0x00007ffd10d90000 - 0x00007ffd10d9a000 	C:\Windows\SYSTEM32\VERSION.dll
0x00007ffd03a40000 - 0x00007ffd03a49000 	C:\Windows\SYSTEM32\WSOCK32.dll
0x00007ffd0abd0000 - 0x00007ffd0abf7000 	C:\Windows\SYSTEM32\WINMM.dll
0x00007ffd1aba0000 - 0x00007ffd1ac0b000 	C:\Windows\System32\WS2_32.dll
0x00007ffd15860000 - 0x00007ffd1586f000 	C:\Program Files\Android\Android Studio\jre\jre\bin\verify.dll
0x00007ffd0a290000 - 0x00007ffd0a2b9000 	C:\Program Files\Android\Android Studio\jre\jre\bin\java.dll
0x00007ffd0a320000 - 0x00007ffd0a336000 	C:\Program Files\Android\Android Studio\jre\jre\bin\zip.dll
0x00007ffd1c160000 - 0x00007ffd1c8a0000 	C:\Windows\System32\SHELL32.dll
0x00007ffd17fa0000 - 0x00007ffd18734000 	C:\Windows\SYSTEM32\windows.storage.dll
0x00007ffd1af00000 - 0x00007ffd1b255000 	C:\Windows\System32\combase.dll
0x00007ffd19c20000 - 0x00007ffd19c4c000 	C:\Windows\SYSTEM32\Wldp.dll
0x00007ffd1b2c0000 - 0x00007ffd1b36e000 	C:\Windows\System32\SHCORE.dll
0x00007ffd1ab40000 - 0x00007ffd1ab95000 	C:\Windows\System32\shlwapi.dll
0x00007ffd1a150000 - 0x00007ffd1a176000 	C:\Windows\SYSTEM32\profapi.dll
0x00007ffd0a0b0000 - 0x00007ffd0a0ca000 	C:\Program Files\Android\Android Studio\jre\jre\bin\net.dll
0x00007ffd0a7d0000 - 0x00007ffd0a9bd000 	C:\Windows\SYSTEM32\urlmon.dll
0x00007ffd07bf0000 - 0x00007ffd07ea0000 	C:\Windows\SYSTEM32\iertutil.dll
0x00007ffd19940000 - 0x00007ffd199aa000 	C:\Windows\system32\mswsock.dll
0x00007ffd0a090000 - 0x00007ffd0a0a3000 	C:\Program Files\Android\Android Studio\jre\jre\bin\nio.dll
0x00007ffcff590000 - 0x00007ffcff5b6000 	C:\Users\alex\.gradle\native\30\windows-amd64\native-platform.dll
0x00007ffd0b4c0000 - 0x00007ffd0b4cd000 	C:\Program Files\Android\Android Studio\jre\jre\bin\management.dll
0x00007ffd19b10000 - 0x00007ffd19b28000 	C:\Windows\SYSTEM32\CRYPTSP.dll
0x00007ffd192d0000 - 0x00007ffd19304000 	C:\Windows\system32\rsaenh.dll
0x00007ffd1a9e0000 - 0x00007ffd1aa07000 	C:\Windows\System32\bcrypt.dll
0x00007ffd1a110000 - 0x00007ffd1a13e000 	C:\Windows\SYSTEM32\USERENV.dll
0x00007ffd1aac0000 - 0x00007ffd1ab3f000 	C:\Windows\System32\bcryptprimitives.dll
0x00007ffd19b30000 - 0x00007ffd19b3c000 	C:\Windows\SYSTEM32\CRYPTBASE.dll
0x00007ffd19630000 - 0x00007ffd1966b000 	C:\Windows\SYSTEM32\IPHLPAPI.DLL
0x00007ffd1b370000 - 0x00007ffd1b379000 	C:\Windows\System32\NSI.dll
0x00007ffd10c50000 - 0x00007ffd10c67000 	C:\Windows\SYSTEM32\dhcpcsvc6.DLL
0x00007ffd10c30000 - 0x00007ffd10c4d000 	C:\Windows\SYSTEM32\dhcpcsvc.DLL
0x00007ffd19670000 - 0x00007ffd1973b000 	C:\Windows\SYSTEM32\DNSAPI.dll
0x00007ffd07130000 - 0x00007ffd07154000 	C:\Program Files\Android\Android Studio\jre\jre\bin\sunec.dll
0x00007ffd0b5f0000 - 0x00007ffd0b5fa000 	C:\Windows\System32\rasadhlp.dll
0x00007ffd0b4e0000 - 0x00007ffd0b55f000 	C:\Windows\System32\fwpuclnt.dll
0x00007ffd0b3e0000 - 0x00007ffd0b3eb000 	C:\Program Files\Android\Android Studio\jre\jre\bin\sunmscapi.dll
0x00007ffd1a4a0000 - 0x00007ffd1a5fd000 	C:\Windows\System32\CRYPT32.dll
0x00007ffd18f60000 - 0x00007ffd18f93000 	C:\Windows\SYSTEM32\ntmarta.dll

VM Arguments:
jvm_args: -Xmx1536m -Dfile.encoding=windows-1252 -Duser.country=US -Duser.language=en -Duser.variant 
java_command: org.gradle.launcher.daemon.bootstrap.GradleDaemon 5.6.4
java_class_path (initial): C:\Users\alex\.gradle\wrapper\dists\gradle-5.6.4-all\ankdp27end7byghfw1q2sw75f\gradle-5.6.4\lib\gradle-launcher-5.6.4.jar
Launcher Type: SUN_STANDARD

Environment Variables:
JAVA_HOME=C:\Program Files\Java\jdk-12.0.2
CLASSPATH=%CLASSPATH%;C:\gson\gson-2.8.6.jar;.;
PATH=C:\Python38\Scripts\;C:\Python38\;C:\Program Files (x86)\Common Files\Oracle\Java\javapath;C:\cygwin\bin;C:\ProgramData\chocolatey\bin;C:\Windows\system32;C:\Windows;C:\Windows\System32\Wbem;C:\Windows\System32\WindowsPowerShell\v1.0\;C:\Windows\System32\OpenSSH\;C:\Program Files (x86)\Intel\Intel(R) Management Engine Components\DAL;C:\Program Files\Intel\Intel(R) Management Engine Components\DAL;C:\apache-ant-1.9.15\bin;C:\Program Files\Amazon\AWSCLIV2\;C:\Program Files\nodejs\;C:\Program Files\Amazon\AWSSAMCLI\bin\;C:\Program Files (x86)\NVIDIA Corporation\PhysX\Common;C:\Program Files (x86)\Common Files\Oracle\Java\javapath;C:\Program Files (x86)\Intel\Intel(R) Management Engine Components\iCLS\;C:\Program Files\Intel\Intel(R) Management Engine Components\iCLS\;C:\Windows\system32;C:\Windows;C:\Windows\System32\Wbem;C:\Windows\System32\WindowsPowerShell\v1.0\;C:\Windows\System32\OpenSSH\;C:\Program Files (x86)\Intel\Intel(R) Management Engine Components\DAL;C:\Program Files\Intel\Intel(R) Management Engine Components\DAL;C:\Program Files (x86)\Intel\Intel(R) Management Engine Components\IPT;C:\Program Files\Intel\Intel(R) Management Engine Components\IPT;C:\Program Files\Intel\WiFi\bin\;C:\Program Files\Common Files\Intel\WirelessCommon\;C:\Program Files (x86)\PharosSystems\Core;C:\Program Files\PuTTY\;C:\Program Files\dotnet\;C:\Program Files\Microsoft SQL Server\130\Tools\Binn\;C:\Program Files\Git\cmd;C:\Users\alex\AppData\Local\Microsoft\WindowsApps;C:\Program Files\GIMP 2\32\bin;C:\Users\alex\AppData\Local\Microsoft\WindowsApps;C:\Program Files\JetBrains\IntelliJ IDEA Community Edition 2019.3.1\bin;;C:\Program Files\Java\jdk-13.0.2\bin;C:\Microsoft VS Code\bin;C:\Program Files\JetBrains\PyCharm Community Edition 2020.2.1\bin;;C:\Users\alex\AppData\Roaming\npm
USERNAME=alex
OS=Windows_NT
PROCESSOR_IDENTIFIER=Intel64 Family 6 Model 142 Stepping 10, GenuineIntel



---------------  S Y S T E M  ---------------

OS: Windows 10.0 , 64 bit Build 19041 (10.0.19041.546)

CPU:total 8 (initial active 8) (4 cores per cpu, 2 threads per core) family 6 model 142 stepping 10, cmov, cx8, fxsr, mmx, sse, sse2, sse3, ssse3, sse4.1, sse4.2, popcnt, avx, avx2, aes, clmul, erms, 3dnowpref, lzcnt, ht, tsc, tscinvbit, bmi1, bmi2, adx

Memory: 4k page, physical 12478280k(1213092k free), swap 12478280k(4540k free)

vm_info: OpenJDK 64-Bit Server VM (25.212-b04) for windows-amd64 JRE (1.8.0_212-release-1586-b04), built by "builder" with MS VC++ 10.0 (VS2010)

time: Sat Nov 07 22:29:43 2020
timezone: Mountain Standard Time
elapsed time: 6792 seconds (0d 1h 53m 12s)

