#
# There is insufficient memory for the Java Runtime Environment to continue.
# Native memory allocation (malloc) failed to allocate 1316176 bytes for Chunk::new
# Possible reasons:
#   The system is out of physical RAM or swap space
#   The process is running with CompressedOops enabled, and the Java Heap may be blocking the growth of the native heap
# Possible solutions:
#   Reduce memory load on the system
#   Increase physical memory or swap space
#   Check if swap backing store is full
#   Decrease Java heap size (-Xmx/-Xms)
#   Decrease number of Java threads
#   Decrease Java thread stack sizes (-Xss)
#   Set larger code cache with -XX:ReservedCodeCacheSize=
#   JVM is running with Unscaled Compressed Oops mode in which the Java heap is
#     placed in the first 4GB address space. The Java Heap base address is the
#     maximum limit for the native heap growth. Please use -XX:HeapBaseMinAddress
#     to set the Java Heap base and to place the Java Heap above 4GB virtual address.
# This output file may be truncated or incomplete.
#
#  Out of Memory Error (allocation.cpp:389), pid=6200, tid=0x0000000000002fec
#
# JRE version: OpenJDK Runtime Environment (8.0_212-b04) (build 1.8.0_212-release-1586-b04)
# Java VM: OpenJDK 64-Bit Server VM (25.212-b04 mixed mode windows-amd64 compressed oops)
# Failed to write core dump. Minidumps are not enabled by default on client versions of Windows
#

---------------  T H R E A D  ---------------

Current thread (0x0000000018c29800):  JavaThread "C2 CompilerThread0" daemon [_thread_in_native, id=12268, stack(0x0000000019500000,0x0000000019600000)]

Stack: [0x0000000019500000,0x0000000019600000]
[error occurred during error reporting (printing stack bounds), id 0xc0000005]

Native frames: (J=compiled Java code, j=interpreted, Vv=VM code, C=native code)


Current CompileTask:
C2: 464569 17279       4       java.util.EnumSet::noneOf (63 bytes)


---------------  P R O C E S S  ---------------

Java Threads: ( => current thread )
  0x000000001aa8a800 JavaThread "Cache worker for Java compile cache (C:\Users\alex\Documents\School\Fall2020\CS340\Tweeter-repo\client\.gradle\5.6.4\javaCompile)" [_thread_blocked, id=20476, stack(0x000000002de30000,0x000000002df30000)]
  0x000000001aa88000 JavaThread "WorkerExecutor Queue Thread 3" [_thread_blocked, id=13072, stack(0x0000000029b20000,0x0000000029c20000)]
  0x000000001aa86000 JavaThread "WorkerExecutor Queue Thread 2" [_thread_blocked, id=7104, stack(0x0000000028df0000,0x0000000028ef0000)]
  0x000000001aa85000 JavaThread "stdout" [_thread_in_native, id=14020, stack(0x0000000028cf0000,0x0000000028df0000)]
  0x000000001aa7d800 JavaThread "stderr" [_thread_in_native, id=17716, stack(0x0000000028bf0000,0x0000000028cf0000)]
  0x000000001aa84800 JavaThread "stdout" [_thread_in_native, id=14248, stack(0x0000000028af0000,0x0000000028bf0000)]
  0x000000001aa7c800 JavaThread "stderr" [_thread_in_native, id=3212, stack(0x00000000289f0000,0x0000000028af0000)]
  0x000000001aa80800 JavaThread "stdout" [_thread_in_native, id=14708, stack(0x00000000288f0000,0x00000000289f0000)]
  0x000000001aa83800 JavaThread "stderr" [_thread_in_native, id=4648, stack(0x00000000287f0000,0x00000000288f0000)]
  0x000000001aa7c000 JavaThread "stdout" [_thread_in_native, id=10428, stack(0x00000000286f0000,0x00000000287f0000)]
  0x000000001aa83000 JavaThread "stderr" [_thread_in_native, id=5440, stack(0x00000000285f0000,0x00000000286f0000)]
  0x000000001aa7f000 JavaThread "pool-18-thread-1" [_thread_blocked, id=9700, stack(0x0000000027920000,0x0000000027a20000)]
  0x000000001aa80000 JavaThread "WorkerExecutor Queue" [_thread_blocked, id=4876, stack(0x0000000028020000,0x0000000028120000)]
  0x000000001b766800 JavaThread "Cache worker for execution history cache (C:\Users\alex\Documents\School\Fall2020\CS340\Tweeter-repo\client\.gradle\5.6.4\executionHistory)" [_thread_blocked, id=5516, stack(0x0000000027820000,0x0000000027920000)]
  0x000000001b764800 JavaThread "Execution worker for ':' Thread 7" [_thread_blocked, id=19096, stack(0x0000000027720000,0x0000000027820000)]
  0x000000001b767800 JavaThread "Execution worker for ':' Thread 6" [_thread_blocked, id=5536, stack(0x0000000027620000,0x0000000027720000)]
  0x000000001a4bb000 JavaThread "Execution worker for ':' Thread 5" [_thread_in_vm, id=4224, stack(0x0000000027520000,0x0000000027620000)]
  0x000000001a4bd800 JavaThread "Execution worker for ':' Thread 4" [_thread_blocked, id=9356, stack(0x0000000027420000,0x0000000027520000)]
  0x000000001a4ba800 JavaThread "Execution worker for ':' Thread 3" [_thread_blocked, id=15888, stack(0x0000000027320000,0x0000000027420000)]
  0x000000001a4c0800 JavaThread "Execution worker for ':' Thread 2" [_thread_blocked, id=11192, stack(0x0000000027220000,0x0000000027320000)]
  0x000000001a4bc800 JavaThread "Execution worker for ':'" [_thread_blocked, id=18188, stack(0x0000000027120000,0x0000000027220000)]
  0x000000001a4c1000 JavaThread "Cache worker for file content cache (C:\Users\alex\Documents\School\Fall2020\CS340\Tweeter-repo\client\.gradle\5.6.4\fileContent)" [_thread_blocked, id=872, stack(0x0000000026f20000,0x0000000027020000)]
  0x000000001a4bf800 JavaThread "Cache worker for Build Output Cleanup Cache (C:\Users\alex\Documents\School\Fall2020\CS340\Tweeter-repo\client\.gradle\buildOutputCleanup)" [_thread_blocked, id=4964, stack(0x0000000026d20000,0x0000000026e20000)]
  0x000000001a4bc000 JavaThread "pool-4-thread-1" [_thread_blocked, id=12600, stack(0x0000000026c20000,0x0000000026d20000)]
  0x000000001b9aa000 JavaThread "Build operations Thread 8" [_thread_blocked, id=18176, stack(0x0000000026b20000,0x0000000026c20000)]
  0x000000001b9ab000 JavaThread "Build operations Thread 7" [_thread_blocked, id=9604, stack(0x0000000026780000,0x0000000026880000)]
  0x000000001b9ae000 JavaThread "Build operations Thread 6" [_thread_blocked, id=6252, stack(0x0000000024da0000,0x0000000024ea0000)]
  0x000000001b9af800 JavaThread "Build operations Thread 5" [_thread_blocked, id=1244, stack(0x0000000024ba0000,0x0000000024ca0000)]
  0x000000001b9ac800 JavaThread "Build operations Thread 4" [_thread_blocked, id=19868, stack(0x0000000024aa0000,0x0000000024ba0000)]
  0x000000001b9b0000 JavaThread "Build operations Thread 3" [_thread_blocked, id=9504, stack(0x00000000249a0000,0x0000000024aa0000)]
  0x000000001b9ae800 JavaThread "Build operations Thread 2" [_thread_blocked, id=1280, stack(0x00000000248a0000,0x00000000249a0000)]
  0x000000001b9a5000 JavaThread "Build operations" [_thread_blocked, id=12564, stack(0x00000000247a0000,0x00000000248a0000)]
  0x000000001b9a9800 JavaThread "Cache worker for cache directory md-rule (C:\Users\alex\.gradle\caches\5.6.4\md-rule)" [_thread_blocked, id=17096, stack(0x00000000246a0000,0x00000000247a0000)]
  0x000000001b9ab800 JavaThread "Cache worker for cache directory md-supplier (C:\Users\alex\.gradle\caches\5.6.4\md-supplier)" [_thread_blocked, id=16116, stack(0x00000000245a0000,0x00000000246a0000)]
  0x000000001b9a8800 JavaThread "Cache worker for file hash cache (C:\Users\alex\Documents\School\Fall2020\CS340\Tweeter-repo\client\.gradle\5.6.4\fileHashes)" [_thread_blocked, id=17100, stack(0x0000000023430000,0x0000000023530000)]
  0x000000001b9a2000 JavaThread "Thread-61" [_thread_blocked, id=11288, stack(0x0000000023330000,0x0000000023430000)]
  0x000000001b9a6800 JavaThread "Stdin handler" [_thread_blocked, id=2388, stack(0x00000000214f0000,0x00000000215f0000)]
  0x000000001b9a3800 JavaThread "Asynchronous log dispatcher for DefaultDaemonConnection: socket connection from /127.0.0.1:55210 to /127.0.0.1:55516" [_thread_blocked, id=16160, stack(0x00000000213f0000,0x00000000214f0000)]
  0x000000001b9a1000 JavaThread "Cancel handler" [_thread_blocked, id=8096, stack(0x000000001d120000,0x000000001d220000)]
  0x000000001b9a8000 JavaThread "Handler for socket connection from /127.0.0.1:55210 to /127.0.0.1:55516" [_thread_in_native, id=13436, stack(0x0000000002e60000,0x0000000002f60000)]
  0x000000001a4be000 JavaThread "Cache worker for Java compile cache (C:\Users\alex\.gradle\caches\5.6.4\javaCompile)" [_thread_blocked, id=19556, stack(0x0000000027020000,0x0000000027120000)]
  0x000000001b769800 JavaThread "Cache worker for file content cache (C:\Users\alex\.gradle\caches\5.6.4\fileContent)" [_thread_blocked, id=5328, stack(0x0000000026e20000,0x0000000026f20000)]
  0x000000001b9a7000 JavaThread "Daemon worker Thread 2" [_thread_blocked, id=3192, stack(0x000000001fcc0000,0x000000001fdc0000)]
  0x000000001b9a2800 JavaThread "Daemon Thread 2" [_thread_blocked, id=16784, stack(0x0000000001240000,0x0000000001340000)]
  0x000000001b9ad000 JavaThread "Memory manager" [_thread_blocked, id=9916, stack(0x0000000024ca0000,0x0000000024da0000)]
  0x000000001b9a5800 JavaThread "Cache worker for execution history cache (C:\Users\alex\.gradle\caches\5.6.4\executionHistory)" [_thread_blocked, id=588, stack(0x00000000215f0000,0x00000000216f0000)]
  0x000000001b768000 JavaThread "Cache worker for journal cache (C:\Users\alex\.gradle\caches\journal-1)" [_thread_blocked, id=16020, stack(0x000000001d820000,0x000000001d920000)]
  0x000000001b76a800 JavaThread "File lock request listener" [_thread_in_native, id=18948, stack(0x000000001d720000,0x000000001d820000)]
  0x000000001b765000 JavaThread "Cache worker for file hash cache (C:\Users\alex\.gradle\caches\5.6.4\fileHashes)" [_thread_blocked, id=19660, stack(0x000000001d620000,0x000000001d720000)]
  0x000000001b669000 JavaThread "Daemon periodic checks" [_thread_blocked, id=20148, stack(0x000000001cb20000,0x000000001cc20000)]
  0x000000001b60d800 JavaThread "Incoming local TCP Connector on port 55210" [_thread_in_native, id=19256, stack(0x000000001c8e0000,0x000000001c9e0000)]
  0x000000001b580000 JavaThread "Daemon health stats" [_thread_blocked, id=7660, stack(0x000000001c2a0000,0x000000001c3a0000)]
  0x0000000018cd6800 JavaThread "Service Thread" daemon [_thread_blocked, id=9940, stack(0x0000000019900000,0x0000000019a00000)]
  0x0000000018c59800 JavaThread "C1 CompilerThread3" daemon [_thread_blocked, id=10844, stack(0x0000000019800000,0x0000000019900000)]
  0x0000000018c30000 JavaThread "C2 CompilerThread2" daemon [_thread_blocked, id=11240, stack(0x0000000019700000,0x0000000019800000)]
  0x0000000018c2d000 JavaThread "C2 CompilerThread1" daemon [_thread_in_native, id=18896, stack(0x0000000019600000,0x0000000019700000)]
=>0x0000000018c29800 JavaThread "C2 CompilerThread0" daemon [_thread_in_native, id=12268, stack(0x0000000019500000,0x0000000019600000)]
  0x0000000018c27000 JavaThread "Attach Listener" daemon [_thread_blocked, id=11460, stack(0x0000000019400000,0x0000000019500000)]
  0x0000000018c26000 JavaThread "Signal Dispatcher" daemon [_thread_blocked, id=7172, stack(0x0000000019300000,0x0000000019400000)]
  0x0000000003057000 JavaThread "Finalizer" daemon [_thread_blocked, id=11268, stack(0x0000000019100000,0x0000000019200000)]
  0x0000000018c20800 JavaThread "Reference Handler" daemon [_thread_blocked, id=16484, stack(0x0000000019000000,0x0000000019100000)]
  0x0000000002f62800 JavaThread "main" [_thread_blocked, id=17544, stack(0x0000000002c70000,0x0000000002d70000)]

Other Threads:
  0x0000000016e18800 VMThread [stack: 0x0000000018b00000,0x0000000018c00000] [id=12448]
  0x0000000018ce7000 WatcherThread [stack: 0x0000000019a00000,0x0000000019b00000] [id=9864]

VM state:not at safepoint (normal execution)

VM Mutex/Monitor currently owned by a thread: None

heap address: 0x00000000a0000000, size: 1536 MB, Compressed Oops mode: 32-bit
Narrow klass base: 0x0000000000000000, Narrow klass shift: 3
Compressed class space size: 1073741824 Address: 0x0000000100000000

Heap:
 PSYoungGen      total 318464K, used 87022K [0x00000000e0000000, 0x00000000f8700000, 0x0000000100000000)
  eden space 286208K, 26% used [0x00000000e0000000,0x00000000e4a46970,0x00000000f1780000)
  from space 32256K, 33% used [0x00000000f1780000,0x00000000f2234ea8,0x00000000f3700000)
  to   space 31744K, 0% used [0x00000000f6800000,0x00000000f6800000,0x00000000f8700000)
 ParOldGen       total 247296K, used 77899K [0x00000000a0000000, 0x00000000af180000, 0x00000000e0000000)
  object space 247296K, 31% used [0x00000000a0000000,0x00000000a4c12e78,0x00000000af180000)
 Metaspace       used 95974K, capacity 100444K, committed 102040K, reserved 1136640K
  class space    used 12560K, capacity 13489K, committed 13992K, reserved 1048576K

Card table byte_map: [0x0000000012420000,0x0000000012730000] byte_map_base: 0x0000000011f20000

Marking Bits: (ParMarkBitMap*) 0x00000000735f9f30
 Begin Bits: [0x0000000013130000, 0x0000000014930000)
 End Bits:   [0x0000000014930000, 0x0000000016130000)

Polling page: 0x0000000001120000

CodeCache: size=245760Kb used=51765Kb max_used=51992Kb free=193994Kb
 bounds [0x0000000003060000, 0x0000000006360000, 0x0000000012060000]
 total_blobs=15931 nmethods=15040 adapters=801
 compilation: enabled

Compilation events (10 events):
Event: 464.552 Thread 0x0000000018c30000 17143       4       com.sun.tools.javac.tree.JCTree$JCMethodDecl::accept (6 bytes)
Event: 464.553 Thread 0x0000000018c30000 nmethod 17143 0x0000000003a66a10 code [0x0000000003a66b40, 0x0000000003a66bb8]
Event: 464.554 Thread 0x0000000018c59800 17488       3       sun.reflect.MethodAccessorGenerator::numNonPrimitiveParameterTypes (36 bytes)
Event: 464.555 Thread 0x0000000018c59800 nmethod 17488 0x000000000331b210 code [0x000000000331b380, 0x000000000331b6a8]
Event: 464.556 Thread 0x0000000018c59800 17486       3       org.gradle.internal.execution.history.changes.ClasspathCompareStrategy$ChangeState::processChange (257 bytes)
Event: 464.559 Thread 0x0000000018c59800 nmethod 17486 0x0000000006335990 code [0x0000000006335d40, 0x00000000063379a8]
Event: 464.561 Thread 0x0000000018c59800 17490       3       com.google.common.collect.AbstractMapBasedMultimap$WrappedCollection::refreshIfEmpty (78 bytes)
Event: 464.561 Thread 0x0000000018c59800 nmethod 17490 0x0000000003de4bd0 code [0x0000000003de4d80, 0x0000000003de54b8]
Event: 464.563 Thread 0x0000000018c59800 17489  s    3       sun.reflect.MethodAccessorGenerator::generateName (98 bytes)
Event: 464.564 Thread 0x0000000018c59800 nmethod 17489 0x0000000004b86990 code [0x0000000004b86c40, 0x0000000004b881a8]

GC Heap History (10 events):
Event: 451.041 GC heap before
{Heap before GC invocations=15 (full 3):
 PSYoungGen      total 239616K, used 233536K [0x00000000e0000000, 0x00000000f2c00000, 0x0000000100000000)
  eden space 216064K, 99% used [0x00000000e0000000,0x00000000ed2ff740,0x00000000ed300000)
  from space 23552K, 74% used [0x00000000ed300000,0x00000000ee410b90,0x00000000eea00000)
  to   space 24576K, 0% used [0x00000000f1400000,0x00000000f1400000,0x00000000f2c00000)
 ParOldGen       total 158208K, used 41226K [0x00000000a0000000, 0x00000000a9a80000, 0x00000000e0000000)
  object space 158208K, 26% used [0x00000000a0000000,0x00000000a2842990,0x00000000a9a80000)
 Metaspace       used 78743K, capacity 82618K, committed 82840K, reserved 1120256K
  class space    used 10567K, capacity 11368K, committed 11432K, reserved 1048576K
Event: 451.098 GC heap after
Heap after GC invocations=15 (full 3):
 PSYoungGen      total 274944K, used 24550K [0x00000000e0000000, 0x00000000f3280000, 0x0000000100000000)
  eden space 250368K, 0% used [0x00000000e0000000,0x00000000e0000000,0x00000000ef480000)
  from space 24576K, 99% used [0x00000000f1400000,0x00000000f2bf99e0,0x00000000f2c00000)
  to   space 31744K, 0% used [0x00000000ef480000,0x00000000ef480000,0x00000000f1380000)
 ParOldGen       total 158208K, used 51374K [0x00000000a0000000, 0x00000000a9a80000, 0x00000000e0000000)
  object space 158208K, 32% used [0x00000000a0000000,0x00000000a322ba18,0x00000000a9a80000)
 Metaspace       used 78743K, capacity 82618K, committed 82840K, reserved 1120256K
  class space    used 10567K, capacity 11368K, committed 11432K, reserved 1048576K
}
Event: 455.239 GC heap before
{Heap before GC invocations=16 (full 3):
 PSYoungGen      total 274944K, used 274918K [0x00000000e0000000, 0x00000000f3280000, 0x0000000100000000)
  eden space 250368K, 100% used [0x00000000e0000000,0x00000000ef480000,0x00000000ef480000)
  from space 24576K, 99% used [0x00000000f1400000,0x00000000f2bf99e0,0x00000000f2c00000)
  to   space 31744K, 0% used [0x00000000ef480000,0x00000000ef480000,0x00000000f1380000)
 ParOldGen       total 158208K, used 51406K [0x00000000a0000000, 0x00000000a9a80000, 0x00000000e0000000)
  object space 158208K, 32% used [0x00000000a0000000,0x00000000a3233be8,0x00000000a9a80000)
 Metaspace       used 84144K, capacity 88310K, committed 88600K, reserved 1126400K
  class space    used 11181K, capacity 12038K, committed 12072K, reserved 1048576K
Event: 455.294 GC heap after
Heap after GC invocations=16 (full 3):
 PSYoungGen      total 282112K, used 15578K [0x00000000e0000000, 0x00000000f5500000, 0x0000000100000000)
  eden space 250368K, 0% used [0x00000000e0000000,0x00000000e0000000,0x00000000ef480000)
  from space 31744K, 49% used [0x00000000ef480000,0x00000000f03b6b78,0x00000000f1380000)
  to   space 30720K, 0% used [0x00000000f3700000,0x00000000f3700000,0x00000000f5500000)
 ParOldGen       total 158208K, used 74713K [0x00000000a0000000, 0x00000000a9a80000, 0x00000000e0000000)
  object space 158208K, 47% used [0x00000000a0000000,0x00000000a48f66c0,0x00000000a9a80000)
 Metaspace       used 84144K, capacity 88310K, committed 88600K, reserved 1126400K
  class space    used 11181K, capacity 12038K, committed 12072K, reserved 1048576K
}
Event: 456.721 GC heap before
{Heap before GC invocations=17 (full 3):
 PSYoungGen      total 282112K, used 176385K [0x00000000e0000000, 0x00000000f5500000, 0x0000000100000000)
  eden space 250368K, 64% used [0x00000000e0000000,0x00000000e9d09998,0x00000000ef480000)
  from space 31744K, 49% used [0x00000000ef480000,0x00000000f03b6b78,0x00000000f1380000)
  to   space 30720K, 0% used [0x00000000f3700000,0x00000000f3700000,0x00000000f5500000)
 ParOldGen       total 158208K, used 74713K [0x00000000a0000000, 0x00000000a9a80000, 0x00000000e0000000)
  object space 158208K, 47% used [0x00000000a0000000,0x00000000a48f66c0,0x00000000a9a80000)
 Metaspace       used 93446K, capacity 98540K, committed 98600K, reserved 1134592K
  class space    used 12589K, capacity 13687K, committed 13736K, reserved 1048576K
Event: 456.765 GC heap after
Heap after GC invocations=17 (full 3):
 PSYoungGen      total 316928K, used 23775K [0x00000000e0000000, 0x00000000f5d00000, 0x0000000100000000)
  eden space 286208K, 0% used [0x00000000e0000000,0x00000000e0000000,0x00000000f1780000)
  from space 30720K, 77% used [0x00000000f3700000,0x00000000f4e37f98,0x00000000f5500000)
  to   space 32256K, 0% used [0x00000000f1780000,0x00000000f1780000,0x00000000f3700000)
 ParOldGen       total 158208K, used 74721K [0x00000000a0000000, 0x00000000a9a80000, 0x00000000e0000000)
  object space 158208K, 47% used [0x00000000a0000000,0x00000000a48f86c0,0x00000000a9a80000)
 Metaspace       used 93446K, capacity 98540K, committed 98600K, reserved 1134592K
  class space    used 12589K, capacity 13687K, committed 13736K, reserved 1048576K
}
Event: 456.765 GC heap before
{Heap before GC invocations=18 (full 4):
 PSYoungGen      total 316928K, used 23775K [0x00000000e0000000, 0x00000000f5d00000, 0x0000000100000000)
  eden space 286208K, 0% used [0x00000000e0000000,0x00000000e0000000,0x00000000f1780000)
  from space 30720K, 77% used [0x00000000f3700000,0x00000000f4e37f98,0x00000000f5500000)
  to   space 32256K, 0% used [0x00000000f1780000,0x00000000f1780000,0x00000000f3700000)
 ParOldGen       total 158208K, used 74721K [0x00000000a0000000, 0x00000000a9a80000, 0x00000000e0000000)
  object space 158208K, 47% used [0x00000000a0000000,0x00000000a48f86c0,0x00000000a9a80000)
 Metaspace       used 93446K, capacity 98540K, committed 98600K, reserved 1134592K
  class space    used 12589K, capacity 13687K, committed 13736K, reserved 1048576K
Event: 457.094 GC heap after
Heap after GC invocations=18 (full 4):
 PSYoungGen      total 316928K, used 0K [0x00000000e0000000, 0x00000000f5d00000, 0x0000000100000000)
  eden space 286208K, 0% used [0x00000000e0000000,0x00000000e0000000,0x00000000f1780000)
  from space 30720K, 0% used [0x00000000f3700000,0x00000000f3700000,0x00000000f5500000)
  to   space 32256K, 0% used [0x00000000f1780000,0x00000000f1780000,0x00000000f3700000)
 ParOldGen       total 247296K, used 77876K [0x00000000a0000000, 0x00000000af180000, 0x00000000e0000000)
  object space 247296K, 31% used [0x00000000a0000000,0x00000000a4c0d290,0x00000000af180000)
 Metaspace       used 92766K, capacity 96982K, committed 98600K, reserved 1134592K
  class space    used 12347K, capacity 13250K, committed 13736K, reserved 1048576K
}
Event: 460.932 GC heap before
{Heap before GC invocations=19 (full 4):
 PSYoungGen      total 316928K, used 286208K [0x00000000e0000000, 0x00000000f5d00000, 0x0000000100000000)
  eden space 286208K, 100% used [0x00000000e0000000,0x00000000f1780000,0x00000000f1780000)
  from space 30720K, 0% used [0x00000000f3700000,0x00000000f3700000,0x00000000f5500000)
  to   space 32256K, 0% used [0x00000000f1780000,0x00000000f1780000,0x00000000f3700000)
 ParOldGen       total 247296K, used 77891K [0x00000000a0000000, 0x00000000af180000, 0x00000000e0000000)
  object space 247296K, 31% used [0x00000000a0000000,0x00000000a4c10e78,0x00000000af180000)
 Metaspace       used 94594K, capacity 98946K, committed 100376K, reserved 1136640K
  class space    used 12475K, capacity 13382K, committed 13864K, reserved 1048576K
Event: 460.947 GC heap after
Heap after GC invocations=19 (full 4):
 PSYoungGen      total 318464K, used 10963K [0x00000000e0000000, 0x00000000f8700000, 0x0000000100000000)
  eden space 286208K, 0% used [0x00000000e0000000,0x00000000e0000000,0x00000000f1780000)
  from space 32256K, 33% used [0x00000000f1780000,0x00000000f2234ea8,0x00000000f3700000)
  to   space 31744K, 0% used [0x00000000f6800000,0x00000000f6800000,0x00000000f8700000)
 ParOldGen       total 247296K, used 77899K [0x00000000a0000000, 0x00000000af180000, 0x00000000e0000000)
  object space 247296K, 31% used [0x00000000a0000000,0x00000000a4c12e78,0x00000000af180000)
 Metaspace       used 94594K, capacity 98946K, committed 100376K, reserved 1136640K
  class space    used 12475K, capacity 13382K, committed 13864K, reserved 1048576K
}

Deoptimization events (10 events):
Event: 463.935 Thread 0x000000001a4bb000 Uncommon trap: reason=unstable_if action=reinterpret pc=0x00000000061dada8 method=com.sun.tools.javac.code.Types$15.visitClassType(Lcom/sun/tools/javac/code/Type$ClassType;Ljava/lang/Boolean;)Lcom/sun/tools/javac/code/Type; @ 16
Event: 463.935 Thread 0x000000001a4bb000 Uncommon trap: reason=bimorphic action=maybe_recompile pc=0x000000000600ef5c method=com.sun.tools.javac.code.Types$19.visitClassType(Lcom/sun/tools/javac/code/Type$ClassType;Ljava/lang/Void;)Lcom/sun/tools/javac/util/List; @ 46
Event: 463.935 Thread 0x000000001a4bb000 Uncommon trap: reason=unstable_if action=reinterpret pc=0x000000000600ebe4 method=com.sun.tools.javac.code.Types$19.visitClassType(Lcom/sun/tools/javac/code/Type$ClassType;Ljava/lang/Void;)Lcom/sun/tools/javac/util/List; @ 67
Event: 463.935 Thread 0x000000001a4bb000 Uncommon trap: reason=unstable_if action=reinterpret pc=0x00000000061ea968 method=com.sun.tools.javac.code.Types$15.visitClassType(Lcom/sun/tools/javac/code/Type$ClassType;Ljava/lang/Boolean;)Lcom/sun/tools/javac/code/Type; @ 16
Event: 464.034 Thread 0x000000001a4bb000 Uncommon trap: reason=bimorphic action=maybe_recompile pc=0x00000000060774f8 method=com.sun.tools.javac.code.Type.isCompound()Z @ 14
Event: 464.034 Thread 0x000000001a4bb000 Uncommon trap: reason=bimorphic action=maybe_recompile pc=0x00000000060774f8 method=com.sun.tools.javac.code.Type.isCompound()Z @ 14
Event: 464.035 Thread 0x000000001a4bb000 Uncommon trap: reason=bimorphic action=maybe_recompile pc=0x00000000060774f8 method=com.sun.tools.javac.code.Type.isCompound()Z @ 14
Event: 464.035 Thread 0x000000001a4bb000 Uncommon trap: reason=bimorphic action=maybe_recompile pc=0x00000000060774f8 method=com.sun.tools.javac.code.Type.isCompound()Z @ 14
Event: 464.242 Thread 0x000000001a4bb000 Uncommon trap: reason=unstable_if action=reinterpret pc=0x0000000003527618 method=javax.lang.model.SourceVersion.isIdentifier(Ljava/lang/CharSequence;)Z @ 54
Event: 464.290 Thread 0x000000001a4bb000 Uncommon trap: reason=bimorphic action=maybe_recompile pc=0x000000000603e434 method=com.sun.tools.javac.code.Types$19.visitClassType(Lcom/sun/tools/javac/code/Type$ClassType;Ljava/lang/Void;)Lcom/sun/tools/javac/util/List; @ 46

Classes redefined (0 events):
No events

Internal exceptions (10 events):
Event: 457.406 Thread 0x000000001a4bb000 Exception <a 'java/lang/NoSuchMethodError': <clinit>> (0x00000000e20d4208) thrown at [D:\src\AOSP-openjdk-cygwin\jdk8u\hotspot\src\share\vm\prims\jni.cpp, line 1614]
Event: 457.407 Thread 0x000000001a4bb000 Exception <a 'java/lang/NoSuchMethodError': <clinit>> (0x00000000e20e17b8) thrown at [D:\src\AOSP-openjdk-cygwin\jdk8u\hotspot\src\share\vm\prims\jni.cpp, line 1614]
Event: 457.410 Thread 0x000000001a4bb000 Exception <a 'java/lang/NoSuchMethodError': <clinit>> (0x00000000e21045c8) thrown at [D:\src\AOSP-openjdk-cygwin\jdk8u\hotspot\src\share\vm\prims\jni.cpp, line 1614]
Event: 457.417 Thread 0x000000001a4bb000 Exception <a 'java/lang/NoSuchMethodError': <clinit>> (0x00000000e21505e8) thrown at [D:\src\AOSP-openjdk-cygwin\jdk8u\hotspot\src\share\vm\prims\jni.cpp, line 1614]
Event: 457.420 Thread 0x000000001a4bb000 Exception <a 'java/lang/NoSuchMethodError': <clinit>> (0x00000000e21ff140) thrown at [D:\src\AOSP-openjdk-cygwin\jdk8u\hotspot\src\share\vm\prims\jni.cpp, line 1614]
Event: 457.787 Thread 0x000000001a4c0800 Implicit null exception at 0x00000000058b1d34 to 0x00000000058b8115
Event: 459.929 Thread 0x000000001a4c0800 Exception <a 'sun/nio/fs/WindowsException'> (0x00000000ee8c9080) thrown at [D:\src\AOSP-openjdk-cygwin\jdk8u\hotspot\src\share\vm\prims\jni.cpp, line 710]
Event: 460.433 Thread 0x000000001aa86000 Exception <a 'sun/nio/fs/WindowsException'> (0x00000000ef7f8e30) thrown at [D:\src\AOSP-openjdk-cygwin\jdk8u\hotspot\src\share\vm\prims\jni.cpp, line 710]
Event: 460.433 Thread 0x000000001aa86000 Exception <a 'sun/nio/fs/WindowsException'> (0x00000000ef7f92d8) thrown at [D:\src\AOSP-openjdk-cygwin\jdk8u\hotspot\src\share\vm\prims\jni.cpp, line 710]
Event: 461.562 Thread 0x000000001a4bb000 Implicit null exception at 0x000000000404112f to 0x0000000004041745

Events (10 events):
Event: 464.565 loading class com/google/common/base/Function
Event: 464.565 loading class com/google/common/base/Function done
Event: 464.565 Thread 0x0000000018c59800 flushing nmethod 0x00000000052f5bd0
Event: 464.565 Thread 0x0000000018c59800 flushing nmethod 0x000000000534b450
Event: 464.565 loading class com/google/common/collect/Iterables$5
Event: 464.565 loading class com/google/common/collect/Iterables$5 done
Event: 464.566 loading class com/android/builder/desugaring/DesugaringGraphs
Event: 464.566 loading class com/android/builder/desugaring/DesugaringGraphs done
Event: 464.567 loading class com/google/common/cache/LocalCache$AccessQueue
Event: 464.567 loading class com/google/common/cache/LocalCache$AccessQueue done


Dynamic libraries:
0x00007ff6aadc0000 - 0x00007ff6aadf1000 	C:\Program Files\Android\Android Studio\jre\bin\java.exe
0x00007ff948f90000 - 0x00007ff949186000 	C:\Windows\SYSTEM32\ntdll.dll
0x00007ff947a50000 - 0x00007ff947b0d000 	C:\Windows\System32\KERNEL32.DLL
0x00007ff946ba0000 - 0x00007ff946e68000 	C:\Windows\System32\KERNELBASE.dll
0x00007ff947280000 - 0x00007ff94732c000 	C:\Windows\System32\ADVAPI32.dll
0x00007ff948d40000 - 0x00007ff948dde000 	C:\Windows\System32\msvcrt.dll
0x00007ff948050000 - 0x00007ff9480eb000 	C:\Windows\System32\sechost.dll
0x00007ff9476d0000 - 0x00007ff9477f4000 	C:\Windows\System32\RPCRT4.dll
0x00007ff947810000 - 0x00007ff9479b0000 	C:\Windows\System32\USER32.dll
0x00007ff9467e0000 - 0x00007ff946802000 	C:\Windows\System32\win32u.dll
0x00007ff9484b0000 - 0x00007ff9484da000 	C:\Windows\System32\GDI32.dll
0x00007ff9466d0000 - 0x00007ff9467d9000 	C:\Windows\System32\gdi32full.dll
0x00007ff946ed0000 - 0x00007ff946f6d000 	C:\Windows\System32\msvcp_win.dll
0x00007ff946a20000 - 0x00007ff946b20000 	C:\Windows\System32\ucrtbase.dll
0x00007ff9348b0000 - 0x00007ff934b4b000 	C:\Windows\WinSxS\amd64_microsoft.windows.common-controls_6595b64144ccf1df_6.0.19041.488_none_ca04af081b815d21\COMCTL32.dll
0x00007ff948f20000 - 0x00007ff948f50000 	C:\Windows\System32\IMM32.DLL
0x0000000072c70000 - 0x0000000072d42000 	C:\Program Files\Android\Android Studio\jre\jre\bin\msvcr100.dll
0x0000000072e30000 - 0x0000000073676000 	C:\Program Files\Android\Android Studio\jre\jre\bin\server\jvm.dll
0x00007ff947800000 - 0x00007ff947808000 	C:\Windows\System32\PSAPI.DLL
0x00007ff934610000 - 0x00007ff934619000 	C:\Windows\SYSTEM32\WSOCK32.dll
0x00007ff947530000 - 0x00007ff94759b000 	C:\Windows\System32\WS2_32.dll
0x00007ff932ed0000 - 0x00007ff932ef7000 	C:\Windows\SYSTEM32\WINMM.dll
0x00007ff93de80000 - 0x00007ff93de8a000 	C:\Windows\SYSTEM32\VERSION.dll
0x00007ff943aa0000 - 0x00007ff943aaf000 	C:\Program Files\Android\Android Studio\jre\jre\bin\verify.dll
0x00007ff940340000 - 0x00007ff940369000 	C:\Program Files\Android\Android Studio\jre\jre\bin\java.dll
0x00007ff9400a0000 - 0x00007ff9400b6000 	C:\Program Files\Android\Android Studio\jre\jre\bin\zip.dll
0x00007ff9484e0000 - 0x00007ff948c21000 	C:\Windows\System32\SHELL32.dll
0x00007ff944450000 - 0x00007ff944be5000 	C:\Windows\SYSTEM32\windows.storage.dll
0x00007ff9480f0000 - 0x00007ff948445000 	C:\Windows\System32\combase.dll
0x00007ff9460d0000 - 0x00007ff9460fc000 	C:\Windows\SYSTEM32\Wldp.dll
0x00007ff948c30000 - 0x00007ff948cde000 	C:\Windows\System32\SHCORE.dll
0x00007ff9474d0000 - 0x00007ff947525000 	C:\Windows\System32\shlwapi.dll
0x00007ff946600000 - 0x00007ff946626000 	C:\Windows\SYSTEM32\profapi.dll
0x00007ff940080000 - 0x00007ff94009a000 	C:\Program Files\Android\Android Studio\jre\jre\bin\net.dll
0x00007ff93ac20000 - 0x00007ff93ae0d000 	C:\Windows\SYSTEM32\urlmon.dll
0x00007ff93b060000 - 0x00007ff93b310000 	C:\Windows\SYSTEM32\iertutil.dll
0x00007ff945df0000 - 0x00007ff945e5a000 	C:\Windows\system32\mswsock.dll
0x00007ff93d2b0000 - 0x00007ff93d2c3000 	C:\Program Files\Android\Android Studio\jre\jre\bin\nio.dll
0x00007ff932220000 - 0x00007ff932246000 	C:\Users\alex\.gradle\native\30\windows-amd64\native-platform.dll
0x00007ff943ab0000 - 0x00007ff943abd000 	C:\Program Files\Android\Android Studio\jre\jre\bin\management.dll
0x00007ff945fc0000 - 0x00007ff945fd8000 	C:\Windows\SYSTEM32\CRYPTSP.dll
0x00007ff945780000 - 0x00007ff9457b4000 	C:\Windows\system32\rsaenh.dll
0x00007ff946b70000 - 0x00007ff946b97000 	C:\Windows\System32\bcrypt.dll
0x00007ff946580000 - 0x00007ff9465ae000 	C:\Windows\SYSTEM32\USERENV.dll
0x00007ff946f70000 - 0x00007ff946fef000 	C:\Windows\System32\bcryptprimitives.dll
0x00007ff945fe0000 - 0x00007ff945fec000 	C:\Windows\SYSTEM32\CRYPTBASE.dll
0x00007ff945ae0000 - 0x00007ff945b1b000 	C:\Windows\SYSTEM32\IPHLPAPI.DLL
0x00007ff9479b0000 - 0x00007ff9479b8000 	C:\Windows\System32\NSI.dll
0x00007ff93cce0000 - 0x00007ff93ccf7000 	C:\Windows\SYSTEM32\dhcpcsvc6.DLL
0x00007ff93ccc0000 - 0x00007ff93ccdd000 	C:\Windows\SYSTEM32\dhcpcsvc.DLL
0x00007ff945b20000 - 0x00007ff945beb000 	C:\Windows\SYSTEM32\DNSAPI.dll
0x00007ff945410000 - 0x00007ff945443000 	C:\Windows\SYSTEM32\ntmarta.dll
0x00007ff943b70000 - 0x00007ff943c00000 	C:\Windows\system32\apphelp.dll

VM Arguments:
jvm_args: -Xmx1536m -Dfile.encoding=windows-1252 -Duser.country=US -Duser.language=en -Duser.variant 
java_command: org.gradle.launcher.daemon.bootstrap.GradleDaemon 5.6.4
java_class_path (initial): C:\Users\alex\.gradle\wrapper\dists\gradle-5.6.4-all\ankdp27end7byghfw1q2sw75f\gradle-5.6.4\lib\gradle-launcher-5.6.4.jar
Launcher Type: SUN_STANDARD

Environment Variables:
JAVA_HOME=C:\Program Files\Java\jdk-12.0.2
CLASSPATH=%CLASSPATH%;C:\gson\gson-2.8.6.jar;.;
PATH=C:\Python38\Scripts\;C:\Python38\;C:\Program Files (x86)\Common Files\Oracle\Java\javapath;C:\cygwin\bin;C:\ProgramData\chocolatey\bin;C:\Windows\system32;C:\Windows;C:\Windows\System32\Wbem;C:\Windows\System32\WindowsPowerShell\v1.0\;C:\Windows\System32\OpenSSH\;C:\Program Files (x86)\Intel\Intel(R) Management Engine Components\DAL;C:\Program Files\Intel\Intel(R) Management Engine Components\DAL;C:\apache-ant-1.9.15\bin;C:\Program Files\Amazon\AWSCLIV2\;C:\Program Files\nodejs\;C:\Program Files\Amazon\AWSSAMCLI\bin\;C:\Program Files\MongoDB\Server\4.4\bin\;C:\Program Files (x86)\NVIDIA Corporation\PhysX\Common;C:\Program Files (x86)\Common Files\Oracle\Java\javapath;C:\Program Files (x86)\Intel\Intel(R) Management Engine Components\iCLS\;C:\Program Files\Intel\Intel(R) Management Engine Components\iCLS\;C:\Windows\system32;C:\Windows;C:\Windows\System32\Wbem;C:\Windows\System32\WindowsPowerShell\v1.0\;C:\Windows\System32\OpenSSH\;C:\Program Files (x86)\Intel\Intel(R) Management Engine Components\DAL;C:\Program Files\Intel\Intel(R) Management Engine Components\DAL;C:\Program Files (x86)\Intel\Intel(R) Management Engine Components\IPT;C:\Program Files\Intel\Intel(R) Management Engine Components\IPT;C:\Program Files\Intel\WiFi\bin\;C:\Program Files\Common Files\Intel\WirelessCommon\;C:\Program Files (x86)\PharosSystems\Core;C:\Program Files\PuTTY\;C:\Program Files\dotnet\;C:\Program Files\Microsoft SQL Server\130\Tools\Binn\;C:\Program Files\Git\cmd;C:\Users\alex\AppData\Local\Microsoft\WindowsApps;C:\Program Files\GIMP 2\32\bin;C:\Users\alex\AppData\Local\Microsoft\WindowsApps;C:\Program Files\JetBrains\IntelliJ IDEA Community Edition 2019.3.1\bin;;C:\Program Files\Java\jdk-13.0.2\bin;C:\Microsoft VS Code\bin;C:\Program Files\JetBrains\PyCharm Community Edition 2020.2.1\bin;;C:\Users\alex\AppData\Roaming\npm
USERNAME=alex
OS=Windows_NT
PROCESSOR_IDENTIFIER=Intel64 Family 6 Model 142 Stepping 10, GenuineIntel



---------------  S Y S T E M  ---------------

OS: Windows 10.0 , 64 bit Build 19041 (10.0.19041.546)

CPU:total 8 (initial active 8) (4 cores per cpu, 2 threads per core) family 6 model 142 stepping 10, cmov, cx8, fxsr, mmx, sse, sse2, sse3, ssse3, sse4.1, sse4.2, popcnt, avx, avx2, aes, clmul, erms, 3dnowpref, lzcnt, ht, tsc, tscinvbit, bmi1, bmi2, adx

Memory: 4k page, physical 12478280k(2290828k free), swap 12478280k(1548k free)

vm_info: OpenJDK 64-Bit Server VM (25.212-b04) for windows-amd64 JRE (1.8.0_212-release-1586-b04), built by "builder" with MS VC++ 10.0 (VS2010)

time: Sat Nov 28 10:00:57 2020
timezone: Eastern Standard Time
elapsed time: 464 seconds (0d 0h 7m 44s)

